{"channel": "1474324481005846601", "msg": "**[CIPHER]** :rocket: Starting Deep Research on https://www.inp-capital.com"}
{"channel": "1474324481005846601", "msg": "**[CIPHER]** :arrows_counterclockwise: Scraped site. Screenshot saved."}
{"channel": "1474324481005846601", "msg": "**[CIPHER]** :white_check_mark: Research Complete. Report: `workspace/research_output/www.inp-capital.com_1771892855_Analysis.md`"}
{"channel": "1474324481005846601", "msg": "**[CIPHER]** :rocket: Starting Deep Research on https://www.inp-capital.com"}
{"channel": "1474324481005846601", "msg": "**[CIPHER]** :arrows_counterclockwise: Scraped site. Screenshot saved."}
{"channel": "1474324481005846601", "msg": "**[CIPHER]** :white_check_mark: Research Complete. Report: `workspace/research_output/www.inp-capital.com_1771893176_Analysis.md`"}
{"channel": "1474324481005846601", "msg": "**[CIPHER]** :rocket: Starting Deep Research on https://www.inp-capital.com"}
{"channel": "1474324481005846601", "msg": "**[CIPHER]** :arrows_counterclockwise: Scraped site. Screenshot saved."}
{"channel": "1474324481005846601", "msg": "**[CIPHER]** :white_check_mark: Research Complete. Report: `workspace/research_output/www.inp-capital.com_1771893330_Analysis.md`"}
{"channel": "1474324481005846601", "msg": "**[CIPHER]** :rocket: Starting Deep Research on https://www.inp-capital.com"}
{"channel": "1474324481005846601", "msg": "**[CIPHER]** :arrows_counterclockwise: Scraped site. Screenshot saved."}
{"channel": "1474324481005846601", "msg": "**[CIPHER]** :white_check_mark: Research Complete. Report: `workspace/research_output/www.inp-capital.com_1771893499_Analysis.md`"}
{"channel": "1474324481005846601", "msg": "**[CIPHER]** :rocket: Starting Deep Research on https://www.retinalogik.com/"}
{"channel": "1474324481005846601", "msg": "**[CIPHER]** :arrows_counterclockwise: Scraped site. Screenshot saved."}
{"channel": "1474324481005846601", "msg": "**[CIPHER]** :white_check_mark: Research Complete. Report: `workspace/research_output/www.retinalogik.com__1771893996_Analysis.md`"}
{"channel": "1474324481005846601", "msg": "**[CIPHER]** :rocket: Starting Deep Research on https://www.retinalogik.com/"}
{"channel": "1474324481005846601", "msg": "**[CIPHER]** :arrows_counterclockwise: Scraped site. Screenshot saved."}
{"channel": "1474324481005846601", "msg": "**[CIPHER]** :white_check_mark: Research Complete. Report: `workspace/research_output/www.retinalogik.com__1771895617_Analysis.md`"}
{"channel": "1474324481005846601", "msg": "**[CIPHER]** :rocket: Starting Deep Research on https://www.retinalogik.com/"}
{"channel": "1474324481005846601", "msg": "**[CIPHER]** :arrows_counterclockwise: Scraped site. Screenshot saved."}
{"channel": "1474324481005846601", "msg": "**[CIPHER]** :white_check_mark: Research Complete. Generated HTML Report."}
{"channel": "1474324481005846601", "msg": "**[CIPHER]** :rocket: Starting Deep Research on https://www.retinalogik.com/"}
{"channel": "1474324481005846601", "msg": "**[CIPHER]** :arrows_counterclockwise: Scraped site. Screenshot saved."}
{"channel": "1474324481005846601", "msg": "**[CIPHER]** :white_check_mark: Research Complete. Generated HTML Report."}
{"channel": "1474324481005846601", "msg": "**[CIPHER]** :rocket: Starting Deep Research on https://www.retinalogik.com/"}
{"channel": "1474324481005846601", "msg": "**[CIPHER]** :arrows_counterclockwise: Scraped site. Screenshot saved."}
{"channel": "1474324481005846601", "msg": "**[CIPHER]** :arrows_counterclockwise: Found 3 external sources via Exa."}
{"channel": "1474324481005846601", "msg": "**[CIPHER]** :white_check_mark: Research Complete. Generated HTML Report."}
{"channel": "1474324481005846601", "msg": "**[CIPHER]** :rocket: Starting Deep Research on https://www.retinalogik.com/"}
{"channel": "1474324481005846601", "msg": "**[CIPHER]** :arrows_counterclockwise: Scraped site. Screenshot saved."}
{"channel": "1474324481005846601", "msg": "**[CIPHER]** :arrows_counterclockwise: Found 3 external sources via Exa."}
{"channel": "1474324481005846601", "msg": "**[CIPHER]** :white_check_mark: Research Complete. Generated HTML Report."}
{"channel": "1474324481005846601", "msg": "**[CIPHER]** :rocket: Starting Deep Research on https://www.retinalogik.com/"}
{"channel": "1474324481005846601", "msg": "**[CIPHER]** :arrows_counterclockwise: Scraped site. Screenshot saved."}
{"channel": "1474324481005846601", "msg": "**[CIPHER]** :arrows_counterclockwise: Found 3 external sources via Exa."}
{"channel": "1474324481005846601", "msg": "**[CIPHER]** :white_check_mark: Research Complete. Generated HTML Report."}
{"channel": "1474324481005846601", "msg": "**[CIPHER]** :rocket: Starting Deep Research on https://www.retinalogik.com/"}
{"channel": "1474324481005846601", "msg": "**[CIPHER]** :arrows_counterclockwise: Scraped site. Screenshot saved."}
{"channel": "1474324481005846601", "msg": "**[CIPHER]** :arrows_counterclockwise: Found 3 external sources via Exa."}
{"channel": "1474324481005846601", "msg": "**[CIPHER]** :white_check_mark: Research Complete. Generated HTML Report."}
{"channel": "1474324481005846601", "msg": "**[CIPHER]** :rocket: Starting Deep Research on https://www.retinalogik.com/"}
{"channel": "1474324481005846601", "msg": "**[CIPHER]** :arrows_counterclockwise: Scraped site. Screenshot saved."}
{"channel": "1474324481005846601", "msg": "**[CIPHER]** :arrows_counterclockwise: Found 3 external sources via Exa."}
{"channel": "1474324481005846601", "msg": "**[CIPHER]** :white_check_mark: Research Complete. Generated HTML + PDF."}
{"channel": "1474324481005846601", "msg": "**[CIPHER]** :rocket: Starting Deep Research on https://www.innofocus.com.au"}
{"channel": "1474324481005846601", "msg": "**[CIPHER]** :arrows_counterclockwise: Scraped site. Screenshot saved."}
{"channel": "1474324481005846601", "msg": "**[CIPHER]** :arrows_counterclockwise: Found 3 external sources via Exa."}
{"channel": "1474324481005846601", "msg": "**[CIPHER]** :white_check_mark: Research Complete. Generated HTML + PDF."}
{"channel": "1474324481005846601", "msg": "**[CIPHER]** :rocket: Starting Deep Research on https://www.voqo.ai"}
{"channel": "1474324481005846601", "msg": "**[CIPHER]** :arrows_counterclockwise: Scraped site. Screenshot saved."}
{"channel": "1474324481005846601", "msg": "**[CIPHER]** :arrows_counterclockwise: Found 3 external sources via Exa."}
{"channel": "1474324481005846601", "msg": "**[CIPHER]** :white_check_mark: Research Complete. Generated HTML + PDF."}
{"channel": "1474324481005846601", "msg": "**[CIPHER]** :rocket: Starting Deep Research (Premium) on https://www.voqo.ai"}
{"channel": "1474324481005846601", "msg": "**[CIPHER]** :arrows_counterclockwise: Scraped site. Screenshot saved."}
{"channel": "1474324481005846601", "msg": "**[CIPHER]** :arrows_counterclockwise: Phase 1: Broad Scan for 'Www'..."}
{"channel": "1474324481005846601", "msg": "**[CIPHER]** :arrows_counterclockwise: Found 11 initial sources."}
{"channel": "1474324481005846601", "msg": "**[CIPHER]** :arrows_counterclockwise: Phase 2: Identifying Knowledge Gaps..."}
{"channel": "1474324481005846601", "msg": "**[CIPHER]** :arrows_counterclockwise: Gaps Identified: ['Voqo AI customer acquisition cost', 'Voqo AI competitive landscape', 'Voqo AI churn rate']"}
{"channel": "1474324481005846601", "msg": "**[CIPHER]** :arrows_counterclockwise: Phase 3: Targeted Deep Dive..."}
{"channel": "1474324481005846601", "msg": "**[CIPHER]** :arrows_counterclockwise: Total Sources: 23"}
{"channel": "1474324481005846601", "msg": "**[CIPHER]** :arrows_counterclockwise: Phase 4: Writing 2000+ Word Report..."}
{"channel": "1474324481005846601", "msg": "**[CIPHER]** :white_check_mark: Research Complete. Generated Premium Report."}
{"channel": "1474324481005846601", "msg": "**[CIPHER]** :rocket: Starting Deep Research (Premium) on https://www.retinalogik.com"}
{"channel": "1474324481005846601", "msg": "**[CIPHER]** :arrows_counterclockwise: Scraped site. Screenshot saved."}
{"channel": "1474324481005846601", "msg": "**[CIPHER]** :arrows_counterclockwise: Phase 1: Broad Scan for 'Www'..."}
{"channel": "1474324481005846601", "msg": "**[CIPHER]** :arrows_counterclockwise: Found 11 initial sources."}
{"channel": "1474324481005846601", "msg": "**[CIPHER]** :arrows_counterclockwise: Phase 2: Identifying Knowledge Gaps..."}
{"channel": "1474324481005846601", "msg": "**[CIPHER]** :arrows_counterclockwise: Gaps Identified: ['RetinaLogik clinical trial data', 'RetinaLogik competitive landscape VR eye care', 'RetinaLogik revenue model and projections']"}
{"channel": "1474324481005846601", "msg": "**[CIPHER]** :arrows_counterclockwise: Phase 3: Targeted Deep Dive..."}
{"channel": "1474324481005846601", "msg": "**[CIPHER]** :arrows_counterclockwise: Total Sources: 23"}
{"channel": "1474324481005846601", "msg": "**[CIPHER]** :arrows_counterclockwise: Phase 4: Writing 2000+ Word Report..."}
{"channel": "1474324481005846601", "msg": "**[CIPHER]** :white_check_mark: Research Complete. Generated Premium Report."}
{"channel": "1474324481005846601", "msg": "**[CIPHER]** :rocket: Starting Deep Research (Premium) on https://www.samsaraeco.com.au"}
{"channel": "1474324481005846601", "msg": "**[CIPHER]** :arrows_counterclockwise: Scraped site. Screenshot saved."}
{"channel": "1474324481005846601", "msg": "**[CIPHER]** :arrows_counterclockwise: Phase 1: Broad Scan for 'Www'..."}
{"channel": "1474324481005846601", "msg": "**[CIPHER]** :arrows_counterclockwise: Found 11 initial sources."}
{"channel": "1474324481005846601", "msg": "**[CIPHER]** :arrows_counterclockwise: Phase 2: Identifying Knowledge Gaps..."}
{"channel": "1474324481005846601", "msg": "**[CIPHER]** :arrows_counterclockwise: Gaps Identified: ['Samsara Eco technology validation', 'Samsara Eco competitive landscape', 'Samsara Eco future scaling plans']"}
{"channel": "1474324481005846601", "msg": "**[CIPHER]** :arrows_counterclockwise: Phase 3: Targeted Deep Dive..."}
{"channel": "1474324481005846601", "msg": "**[CIPHER]** :arrows_counterclockwise: Total Sources: 22"}
{"channel": "1474324481005846601", "msg": "**[CIPHER]** :arrows_counterclockwise: Phase 4: Writing 2000+ Word Report..."}
{"channel": "1474324481005846601", "msg": "**[CIPHER]** :white_check_mark: Research Complete. Generated Premium Report."}
{"channel": "1474324481005846601", "msg": "**[CIPHER]** :rocket: Starting Deep Research (Premium) on https://www.edenbrew.com.au"}
{"channel": "1474324481005846601", "msg": "**[CIPHER]** :arrows_counterclockwise: Scraped site. Screenshot saved."}
{"channel": "1474324481005846601", "msg": "**[CIPHER]** :arrows_counterclockwise: Phase 1: Broad Scan for 'Www'..."}
{"channel": "1474324481005846601", "msg": "**[CIPHER]** :arrows_counterclockwise: Found 11 initial sources."}
{"channel": "1474324481005846601", "msg": "**[CIPHER]** :arrows_counterclockwise: Phase 2: Identifying Knowledge Gaps..."}
{"channel": "1474324481005846601", "msg": "**[CIPHER]** :arrows_counterclockwise: Gaps Identified: ['Eden Brew product pipeline and timeline', 'Eden Brew competitive landscape in animal-free dairy', 'Eden Brew manufacturing process and partnerships']"}
{"channel": "1474324481005846601", "msg": "**[CIPHER]** :arrows_counterclockwise: Phase 3: Targeted Deep Dive..."}
{"channel": "1474324481005846601", "msg": "**[CIPHER]** :arrows_counterclockwise: Total Sources: 21"}
{"channel": "1474324481005846601", "msg": "**[CIPHER]** :arrows_counterclockwise: Phase 4: Writing 2000+ Word Report..."}
{"channel": "1474324481005846601", "msg": "**[CIPHER]** :white_check_mark: Research Complete. Generated Premium Report."}
{"channel": "1474324481005846601", "msg": "**[CIPHER]** :rocket: Starting Deep Research (Premium) on https://www.bookwell.ai"}
{"channel": "1474324481005846601", "msg": "**[CIPHER]** :arrows_counterclockwise: Scraped site. Screenshot saved."}
{"channel": "1474324481005846601", "msg": "**[CIPHER]** :arrows_counterclockwise: Phase 1: Broad Scan for 'Www'..."}
{"channel": "1474324481005846601", "msg": "**[CIPHER]** :arrows_counterclockwise: Found 10 initial sources."}
{"channel": "1474324481005846601", "msg": "**[CIPHER]** :arrows_counterclockwise: Phase 2: Identifying Knowledge Gaps..."}
{"channel": "1474324481005846601", "msg": "**[CIPHER]** :arrows_counterclockwise: Gaps Identified: ['BookWell customer acquisition cost', 'BookWell churn rate', 'BookWell competitive advantages in AI finance']"}
{"channel": "1474324481005846601", "msg": "**[CIPHER]** :arrows_counterclockwise: Phase 3: Targeted Deep Dive..."}
{"channel": "1474324481005846601", "msg": "**[CIPHER]** :arrows_counterclockwise: Total Sources: 21"}
{"channel": "1474324481005846601", "msg": "**[CIPHER]** :arrows_counterclockwise: Phase 4: Writing 2000+ Word Report..."}
{"channel": "1474324481005846601", "msg": "**[CIPHER]** :white_check_mark: Research Complete. Generated Premium Report."}
{"channel": "1474324481005846601", "msg": "**[CIPHER]** :rocket: Starting Deep Research (Premium) on https://adaseco.com/"}
{"channel": "1474324481005846601", "msg": "**[CIPHER]** :arrows_counterclockwise: Scraped site. Screenshot saved."}
{"channel": "1474324481005846601", "msg": "**[CIPHER]** :arrows_counterclockwise: Phase 1: Broad Scan for 'Adaseco'..."}
{"channel": "1474324481005846601", "msg": "**[CIPHER]** :arrows_counterclockwise: Found 10 initial sources."}
{"channel": "1474324481005846601", "msg": "**[CIPHER]** :arrows_counterclockwise: Phase 2: Identifying Knowledge Gaps..."}
{"channel": "1474324481005846601", "msg": "**[CIPHER]** :arrows_counterclockwise: Gaps Identified: ['Adaseco competitors warehouse orchestration', 'Adaseco customer case studies', 'Adaseco revenue model and growth rate']"}
{"channel": "1474324481005846601", "msg": "**[CIPHER]** :arrows_counterclockwise: Phase 3: Targeted Deep Dive..."}
{"channel": "1474324481005846601", "msg": "**[CIPHER]** :arrows_counterclockwise: Total Sources: 22"}
{"channel": "1474324481005846601", "msg": "**[CIPHER]** :arrows_counterclockwise: Phase 4: Writing 2000+ Word Report..."}
{"channel": "1474324481005846601", "msg": "**[CIPHER]** :white_check_mark: Research Complete. Generated Premium Report."}
{"channel": "1474324481005846601", "msg": "**[CIPHER]** :rocket: Starting Deep Research (Premium) on https://www.bookwell.ai"}
{"channel": "1474324481005846601", "msg": "**[CIPHER]** :arrows_counterclockwise: Scraped site. Screenshot saved."}
{"channel": "1474324481005846601", "msg": "**[CIPHER]** :arrows_counterclockwise: Phase 1: Broad Scan for 'Www'..."}
{"channel": "1474324481005846601", "msg": "**[CIPHER]** :arrows_counterclockwise: Found 10 initial sources."}
{"channel": "1474324481005846601", "msg": "**[CIPHER]** :arrows_counterclockwise: Phase 2: Identifying Knowledge Gaps..."}
{"channel": "1474324481005846601", "msg": "**[CIPHER]** :arrows_counterclockwise: Gaps Identified: ['BookWell customer acquisition cost (CAC)', 'BookWell churn rate', 'BookWell competitive landscape in AI finance workforce']"}
{"channel": "1474324481005846601", "msg": "**[CIPHER]** :arrows_counterclockwise: Phase 3: Targeted Deep Dive..."}
{"channel": "1474324481005846601", "msg": "**[CIPHER]** :arrows_counterclockwise: Total Sources: 22"}
{"channel": "1474324481005846601", "msg": "**[CIPHER]** :arrows_counterclockwise: Phase 4: Writing 2000+ Word Report..."}
{"channel": "1474324481005846601", "msg": "**[CIPHER]** :white_check_mark: Research Complete. Generated Premium Report."}
{"channel": "1474324481005846601", "msg": "**[CIPHER]** :rocket: Starting Deep Research (Premium) on https://www.mgathermal.com/"}
{"channel": "1474324481005846601", "msg": "**[CIPHER]** :arrows_counterclockwise: Scraped site. Screenshot saved."}
{"channel": "1474324481005846601", "msg": "**[CIPHER]** :arrows_counterclockwise: Phase 1: Broad Scan for 'Www'..."}
{"channel": "1474324481005846601", "msg": "**[CIPHER]** :arrows_counterclockwise: Found 10 initial sources."}
{"channel": "1474324481005846601", "msg": "**[CIPHER]** :arrows_counterclockwise: Phase 2: Identifying Knowledge Gaps..."}
{"channel": "1474324481005846601", "msg": "**[CIPHER]** :arrows_counterclockwise: Gaps Identified: ['MGA Thermal competitive landscape energy storage', 'MGA Thermal technology scalability and limitations', 'MGA Thermal current projects and partnerships']"}
{"channel": "1474324481005846601", "msg": "**[CIPHER]** :arrows_counterclockwise: Phase 3: Targeted Deep Dive..."}
{"channel": "1474324481005846601", "msg": "**[CIPHER]** :arrows_counterclockwise: Total Sources: 21"}
{"channel": "1474324481005846601", "msg": "**[CIPHER]** :arrows_counterclockwise: Phase 4: Writing 2000+ Word Report..."}
{"channel": "1474324481005846601", "msg": "**[CIPHER]** :white_check_mark: Research Complete. Generated Premium Report."}
